have_header: checking for libsmbclient.h... -------------------- yes

"gcc -o conftest -I/usr/include/ruby-1.9.1/x86_64-darwin10.4.0 -I/usr/include/ruby-1.9.1/ruby/backward -I/usr/include/ruby-1.9.1 -I.   -O3 -ggdb -Wextra -Wno-unused-parameter -Wno-parentheses -Wpointer-arith -Wwrite-strings -Wno-missing-field-initializers -Wshorten-64-to-32 -Wno-long-long  -pipe conftest.c  -L. -L/usr/lib -L/opt/local/lib/samba3/ -L/opt/local/lib -L. -L/usr/local/lib     -lruby-static  -lpthread -ldl -lobjc "
checked program was:
/* begin */
1: #include "ruby.h"
2: 
3: int main() {return 0;}
/* end */

"gcc -E -I/usr/include/ruby-1.9.1/x86_64-darwin10.4.0 -I/usr/include/ruby-1.9.1/ruby/backward -I/usr/include/ruby-1.9.1 -I.   -O3 -ggdb -Wextra -Wno-unused-parameter -Wno-parentheses -Wpointer-arith -Wwrite-strings -Wno-missing-field-initializers -Wshorten-64-to-32 -Wno-long-long  -pipe  conftest.c -o conftest.i"
checked program was:
/* begin */
1: #include "ruby.h"
2: 
3: #include <libsmbclient.h>
/* end */

--------------------

have_library: checking for smbc_init() in -lsmbclient... -------------------- yes

"gcc -o conftest -I/usr/include/ruby-1.9.1/x86_64-darwin10.4.0 -I/usr/include/ruby-1.9.1/ruby/backward -I/usr/include/ruby-1.9.1 -I.   -O3 -ggdb -Wextra -Wno-unused-parameter -Wno-parentheses -Wpointer-arith -Wwrite-strings -Wno-missing-field-initializers -Wshorten-64-to-32 -Wno-long-long  -pipe conftest.c  -L. -L/usr/lib -L/opt/local/lib/samba3/ -L/opt/local/lib -L. -L/usr/local/lib     -lruby-static -lsmbclient  -lpthread -ldl -lobjc "
checked program was:
/* begin */
1: #include "ruby.h"
2: 
3: #include <libsmbclient.h>
4: 
5: /*top*/
6: int main() {return 0;}
7: int t() { void ((*volatile p)()); p = (void ((*)()))smbc_init; return 0; }
/* end */

--------------------

