have_header: checking for libsmbclient.h... -------------------- yes

"gcc -o conftest -I/home/selvan/.rvm/rubies/ruby-1.9.3-p0/include/ruby-1.9.1/i686-linux -I/home/selvan/.rvm/rubies/ruby-1.9.3-p0/include/ruby-1.9.1/ruby/backward -I/home/selvan/.rvm/rubies/ruby-1.9.3-p0/include/ruby-1.9.1 -I../../../../ext/rubysmb   -O3 -ggdb -Wextra -Wno-unused-parameter -Wno-parentheses -Wno-long-long -Wno-missing-field-initializers -Wpointer-arith -Wwrite-strings -Wdeclaration-after-statement -Wimplicit-function-declaration  -fPIC conftest.c  -L. -L/home/selvan/.rvm/rubies/ruby-1.9.3-p0/lib -Wl,-R/home/selvan/.rvm/rubies/ruby-1.9.3-p0/lib -L/home/selvan/.rvm/usr/lib -Wl,-R/home/selvan/.rvm/usr/lib -L.  -rdynamic -Wl,-export-dynamic     -Wl,-R -Wl,/home/selvan/.rvm/rubies/ruby-1.9.3-p0/lib -L/home/selvan/.rvm/rubies/ruby-1.9.3-p0/lib -lruby  -lpthread -lrt -ldl -lcrypt -lm   -lc"
/home/selvan/.rvm/rubies/ruby-1.9.3-p0/lib/ruby/1.9.1/mkmf.rb:317: warning: Insecure world writable dir /opt/STM/STLinux-2.4/host/bin in PATH, mode 040777
checked program was:
/* begin */
1: #include "ruby.h"
2: 
3: int main() {return 0;}
/* end */

"gcc -E -I/home/selvan/.rvm/rubies/ruby-1.9.3-p0/include/ruby-1.9.1/i686-linux -I/home/selvan/.rvm/rubies/ruby-1.9.3-p0/include/ruby-1.9.1/ruby/backward -I/home/selvan/.rvm/rubies/ruby-1.9.3-p0/include/ruby-1.9.1 -I../../../../ext/rubysmb   -O3 -ggdb -Wextra -Wno-unused-parameter -Wno-parentheses -Wno-long-long -Wno-missing-field-initializers -Wpointer-arith -Wwrite-strings -Wdeclaration-after-statement -Wimplicit-function-declaration  -fPIC  conftest.c -o conftest.i"
checked program was:
/* begin */
1: #include "ruby.h"
2: 
3: #include <libsmbclient.h>
/* end */

--------------------

have_library: checking for smbc_init() in -lsmbclient... -------------------- yes

"gcc -o conftest -I/home/selvan/.rvm/rubies/ruby-1.9.3-p0/include/ruby-1.9.1/i686-linux -I/home/selvan/.rvm/rubies/ruby-1.9.3-p0/include/ruby-1.9.1/ruby/backward -I/home/selvan/.rvm/rubies/ruby-1.9.3-p0/include/ruby-1.9.1 -I../../../../ext/rubysmb   -O3 -ggdb -Wextra -Wno-unused-parameter -Wno-parentheses -Wno-long-long -Wno-missing-field-initializers -Wpointer-arith -Wwrite-strings -Wdeclaration-after-statement -Wimplicit-function-declaration  -fPIC conftest.c  -L. -L/home/selvan/.rvm/rubies/ruby-1.9.3-p0/lib -Wl,-R/home/selvan/.rvm/rubies/ruby-1.9.3-p0/lib -L/home/selvan/.rvm/usr/lib -Wl,-R/home/selvan/.rvm/usr/lib -L.  -rdynamic -Wl,-export-dynamic     -Wl,-R -Wl,/home/selvan/.rvm/rubies/ruby-1.9.3-p0/lib -L/home/selvan/.rvm/rubies/ruby-1.9.3-p0/lib -lruby -lsmbclient  -lpthread -lrt -ldl -lcrypt -lm   -lc"
checked program was:
/* begin */
1: #include "ruby.h"
2: 
3: #include <libsmbclient.h>
4: 
5: /*top*/
6: int main() {return 0;}
7: int t() { void ((*volatile p)()); p = (void ((*)()))smbc_init; return 0; }
/* end */

--------------------

